
ROM used:   66/32768 (0%)
            66/32768 (0%) including unused fragments

            0.0 Average locations per line
            0.6 Average locations per statement

RAM used:   5/2048 (0%) at main() level
            5/2048 (0%) worst case

Stack used: 0 worst case (0 in main + 0 for interrupts)
Stack size: 31

Lines Stmts  %   Files
----- ----- ---  -----
   43    21  20  Multi.c
   12     0   0  Multi.h
  837     0   0  ..\..\..\..\..\Program Files (x86)\PICC\Devices\18F4550.h
  456    84  80  ..\..\..\..\..\Program Files (x86)\PICC\Drivers\lcd.c
----- -----
 1348   105 Total

Page ROM  %  RAM   Vol Diff  Functions:
---- --- --- ---   --- ----  ----------
0     62  47    1   402  3.3  MAIN
 Inline         0             @cinit1

Program metrics:
    Functions               1
    Statements              105
    Comments                254
    Volume (V)              404
    Difficulty (D)          3.2
    Effort to implement (E) 1287
    Time to implement (T)   1 minutes
    Est Delivered Bugs (B)  0
    Cyclomatic Complexity   3
    Maintainability (MI)    42

 Segment     Used  Free
-----------  ----  ----
00000-00002     4  0  
00004-07FFE    62  32702  



