
ROM used:   190/32768 (1%)
            190/32768 (1%) including unused fragments

            0.2 Average locations per line
            10.0 Average locations per statement

RAM used:   5/2048 (0%) at main() level
            8/2048 (0%) worst case

Stack used: 1 worst case (1 in main + 0 for interrupts)
Stack size: 31

Lines Stmts  %   Files
----- ----- ---  -----
   36    19 100  display_doble.c
   12     0   0  display_doble.h
  837     0   0  ..\..\..\..\..\..\Program Files (x86)\PICC\Devices\18LF4550.h
----- -----
  885    19 Total

Page ROM  %  RAM   Vol Diff  Functions:
---- --- --- ---   --- ----  ----------
0     38  10    1             @delay_ms1
0    122  32    1   705  5.1  main
0     26   7    0             @const649
 Inline         0             @cinit1

Program metrics:
    Functions               1
    Statements              19
    Comments                160
    Volume (V)              713
    Difficulty (D)          4.8
    Effort to implement (E) 3439
    Time to implement (T)   3 minutes
    Est Delivered Bugs (B)  0
    Cyclomatic Complexity   3
    Maintainability (MI)    122

 Segment     Used  Free
-----------  ----  ----
00000-00002     4  0  
00004-07FFE   186  32578  



