
ROM used:   2284/32768 (7%)
            2284/32768 (7%) including unused fragments

            1.7 Average locations per line
            23.1 Average locations per statement

RAM used:   12/2048 (1%) at main() level
            36/2048 (2%) worst case

Stack used: 6 worst case (6 in main + 0 for interrupts)
Stack size: 31

Lines Stmts  %   Files
----- ----- ---  -----
   45    15  15  adc_lcd.c
   12     0   0  adc_lcd.h
  837     0   0  ..\..\..\..\..\..\Program Files (x86)\PICC\Devices\18F4550.h
  456    84  85  ..\..\..\..\..\..\Program Files (x86)\PICC\Drivers\lcd.c
----- -----
 1350    99 Total

Page ROM  %  RAM   Vol Diff  Functions:
---- --- --- ---   --- ----  ----------
0     38   1    1             @delay_ms1
0     66   1    3   596  5.9  lcd_read_byte
0     12   0    0    59  4.2  lcd_read_nibble
0     34   1    1   179  3.3  lcd_send_nibble
0     58   1    3   460  4.7  lcd_send_byte
0    120   3    6   814  7.2  lcd_init
0     34   1    4   208  6.3  lcd_gotoxy
0     80   2    1   354  4.7  lcd_putc
0    278   6    8   465  3.6  MAIN
0     14   0    0             @const689
0     34   1    2             @PSTRINGC_672
0     12   0    0             @const691
0     30   1    3             @PSTRINGCN_672
0    188   4    9             @PRINTF_LU_672
0     32   1    5             @MUL1616
0     56   1    2             @ITOF
0    348   8   14             @DIVFF
0     18   0    0             @const704
0    244   5   11             @MULFF
0     64   1    5             @FTOSD
0    142   3   13             @DIV3232
0    378   8   13             @PRINTF_L32D_672FPFPF
 Inline         0             @cinit1

Program metrics:
    Functions               8
    Statements              99
    Comments                265
    Volume (V)              4771
    Difficulty (D)          36.7
    Effort to implement (E) 174931
    Time to implement (T)   2 hours, 42 minutes
    Est Delivered Bugs (B)  1
    Cyclomatic Complexity   8
    Maintainability (MI)    121

 Segment     Used  Free
-----------  ----  ----
00000-00002     4  0  
00004-07FFE  2280  30484  



