
ROM used:   932/32768 (3%)
            932/32768 (3%) including unused fragments

            0.9 Average locations per line
            30.1 Average locations per statement

RAM used:   9/2048 (0%) at main() level
            35/2048 (2%) worst case

Stack used: 3 worst case (3 in main + 0 for interrupts)
Stack size: 31

Lines Stmts  %   Files
----- ----- ---  -----
   30    11  35  temperature.c
   12     0   0  temperature.h
  837     0   0  ..\..\..\..\..\..\Program Files (x86)\PICC\Devices\18F4550.h
   62     0   0  libs\1wire.c
   59    20  65  libs\ds1820.c
----- -----
 1000    31 Total

Page ROM  %  RAM   Vol Diff  Functions:
---- --- --- ---   --- ----  ----------
0     38   2    1             @delay_ms1
0     26   1    1             @delay_us1
0     38   2    1    86  1.3  onewire_reset
0     68   4    2   272  4.3  onewire_write
0     72   4    2   283  4.3  onewire_read
0    158   8   13   474  4.3  ds1820_read
0     74   4    2             @SITOF
0    348  19   14             @DIVFF
0    106   6    5   290  3.1  MAIN
 Inline         0   382  3.1  @cinit1

Program metrics:
    Functions               6
    Statements              31
    Comments                177
    Volume (V)              2642
    Difficulty (D)          20.0
    Effort to implement (E) 52734
    Time to implement (T)   49 minutes
    Est Delivered Bugs (B)  0
    Cyclomatic Complexity   2
    Maintainability (MI)    155

 Segment     Used  Free
-----------  ----  ----
00000-00002     4  0  
00004-07FFE   928  31836  



