
ROM used:   134/32768 (0%)
            134/32768 (0%) including unused fragments

            0.2 Average locations per line
            12.2 Average locations per statement

RAM used:   6/2048 (0%) at main() level
            7/2048 (0%) worst case

Stack used: 1 worst case (1 in main + 0 for interrupts)
Stack size: 31

Lines Stmts  %   Files
----- ----- ---  -----
   25    11 100  adc_converter.c
   12     0   0  adc_converter.h
  837     0   0  ..\..\..\..\..\..\Program Files (x86)\PICC\Devices\18F4550.h
----- -----
  874    11 Total

Page ROM  %  RAM   Vol Diff  Functions:
---- --- --- ---   --- ----  ----------
0     38  14    1             @delay_ms1
0     92  34    2   240  2.3  main
 Inline         0   520  3.7  @cinit1

Program metrics:
    Functions               2
    Statements              11
    Comments                158
    Volume (V)              893
    Difficulty (D)          5.9
    Effort to implement (E) 5249
    Time to implement (T)   5 minutes
    Est Delivered Bugs (B)  0
    Cyclomatic Complexity   1
    Maintainability (MI)    158

 Segment     Used  Free
-----------  ----  ----
00000-00002     4  0  
00004-07FFE   130  32634  



