
ROM used:   836/32768 (3%)
            836/32768 (3%) including unused fragments

            0.6 Average locations per line
            6.2 Average locations per statement

RAM used:   8/2048 (0%) at main() level
            22/2048 (1%) worst case

Stack used: 6 worst case (6 in main + 0 for interrupts)
Stack size: 31

Lines Stmts  %   Files
----- ----- ---  -----
   35    10   7  teclado_tres_tres.c
   12     0   0  teclado_tres_tres.h
  837     0   0  ..\..\..\..\..\..\Program Files (x86)\PICC\Devices\18F4550.h
  456    84  63  ..\..\..\..\..\..\Program Files (x86)\PICC\Drivers\lcd.c
  135    40  30  ..\..\..\..\..\..\Program Files (x86)\PICC\Drivers\kbd.c
----- -----
 1475   134 Total

Page ROM  %  RAM   Vol Diff  Functions:
---- --- --- ---   --- ----  ----------
0     38   2    1             @delay_ms1
0     66   4    3   596  5.9  lcd_read_byte
0     12   1    0    59  4.2  lcd_read_nibble
0     34   2    1   179  3.3  lcd_send_nibble
0     58   3    3   460  4.7  lcd_send_byte
0    120   7    6   814  7.2  lcd_init
0     34   2    4   208  6.3  lcd_gotoxy
0     80   5    1   354  4.7  lcd_putc
0     28   2    0   338  3.6  @const685
0      4   0    0     3  0.0  kbd_init
0    186  11    4  4544 10.1  kbd_getc
0     86   5    0   226  3.5  MAIN
0      8   0    0   346  7.5  @const700
0     34   2    2   318  6.5  @PSTRINGC_672
0     12   1    0   475  7.2  @const703
0     32   2    3   129  4.6  @PSTRINGCN_672
 Inline         0   436  7.9  @cinit1

Program metrics:
    Functions               16
    Statements              134
    Comments                281
    Volume (V)              14337
    Difficulty (D)          87.9
    Effort to implement (E) 1260346
    Time to implement (T)   19 hours, 27 minutes
    Est Delivered Bugs (B)  4
    Cyclomatic Complexity   33
    Maintainability (MI)    111

 Segment     Used  Free
-----------  ----  ----
00000-00002     4  0  
00004-07FFE   832  31932  



