
ROM used:   1290/32768 (4%)
            1290/32768 (4%) including unused fragments

            1.5 Average locations per line
            161.3 Average locations per statement

RAM used:   25/2048 (1%) at main() level
            50/2048 (2%) worst case

Stack used: 1 worst case (1 in main + 0 for interrupts)
Stack size: 31

Lines Stmts  %   Files
----- ----- ---  -----
   36     8 100  heartbeat.c
   12     0   0  heartbeat.h
  837     0   0  ..\..\..\..\..\..\Program Files (x86)\PICC\Devices\18LF4550.h
----- -----
  885     8 Total

Page ROM  %  RAM   Vol Diff  Functions:
---- --- --- ---   --- ----  ----------
0     38   1    1             @delay_ms1
0    332  13   21   442  4.3  main
0    242   9   11             @MULFF
0    618  24   16             @ADDFF
0     56   2    2             @ITOF
 Inline         0             @cinit1

Program metrics:
    Functions               1
    Statements              8
    Comments                161
    Volume (V)              454
    Difficulty (D)          3.8
    Effort to implement (E) 1731
    Time to implement (T)   2 minutes
    Est Delivered Bugs (B)  0
    Cyclomatic Complexity   1
    Maintainability (MI)    141

 Segment     Used  Free
-----------  ----  ----
00000-00002     4  0  
00004-07FFE  1286  31478  



