
ROM used:   140/32768 (0%)
            140/32768 (0%) including unused fragments

            0.2 Average locations per line
            9.3 Average locations per statement

RAM used:   5/2048 (0%) at main() level
            7/2048 (0%) worst case

Stack used: 1 worst case (1 in main + 0 for interrupts)
Stack size: 31

Lines Stmts  %   Files
----- ----- ---  -----
   32    15 100  practica_8.c
   12     0   0  practica_8.h
  837     0   0  ..\..\..\..\..\..\Program Files (x86)\PICC\Devices\18F4550.h
----- -----
  881    15 Total

Page ROM  %  RAM   Vol Diff  Functions:
---- --- --- ---   --- ----  ----------
0     38  14    1             @delay_ms1
0     98  35    1   359  4.2  main
 Inline         0             @cinit1

Program metrics:
    Functions               1
    Statements              15
    Comments                155
    Volume (V)              364
    Difficulty (D)          4.0
    Effort to implement (E) 1444
    Time to implement (T)   1 minutes
    Est Delivered Bugs (B)  0
    Cyclomatic Complexity   1
    Maintainability (MI)    117

 Segment     Used  Free
-----------  ----  ----
00000-00002     4  0  
00004-07FFE   136  32628  



