
ROM used:   2466/32768 (8%)
            2466/32768 (8%) including unused fragments

            1.8 Average locations per line
            24.7 Average locations per statement

RAM used:   8/2048 (0%) at main() level
            40/2048 (2%) worst case

Stack used: 6 worst case (6 in main + 0 for interrupts)
Stack size: 31

Lines Stmts  %   Files
----- ----- ---  -----
   46    16  16  sensor_temp.c
   12     0   0  sensor_temp.h
  837     0   0  ..\..\..\..\..\..\Program Files (x86)\PICC\Devices\18LF4550.h
  456    84  84  ..\..\..\..\..\..\Program Files (x86)\PICC\Drivers\lcd.c
----- -----
 1351   100 Total

Page ROM  %  RAM   Vol Diff  Functions:
---- --- --- ---   --- ----  ----------
0     38   1    1             @delay_ms1
0     66   1    3   596  5.9  lcd_read_byte
0     12   0    0    59  4.2  lcd_read_nibble
0     34   1    1   179  3.3  lcd_send_nibble
0     58   1    3   460  4.7  lcd_send_byte
0    120   2    6   814  7.2  lcd_init
0     34   1    4   208  6.3  lcd_gotoxy
0     80   2    1   354  4.7  lcd_putc
0    466   9    4   552  3.8  MAIN
0     22   0    0             @const687
0     34   1    2             @PSTRINGC_672
0     54   1    2             @ITOF
0    242   5   11             @MULFF
0    346   7   14             @DIVFF
0     32   1    5             @MUL1616
0     22   0    0             @const703
0    188   4    9             @PRINTF_LU_672
0     32   1    3             @PSTRINGCN_672
0     64   1    5             @FTOSD
0    142   3   13             @DIV3232
0    376   8   13             @PRINTF_L32D_672FPFPF
 Inline         0             @cinit1

Program metrics:
    Functions               8
    Statements              100
    Comments                257
    Volume (V)              4890
    Difficulty (D)          36.9
    Effort to implement (E) 180541
    Time to implement (T)   2 hours, 47 minutes
    Est Delivered Bugs (B)  1
    Cyclomatic Complexity   8
    Maintainability (MI)    127

 Segment     Used  Free
-----------  ----  ----
00000-00002     4  0  
00004-07FFE  2462  30302  



