CCS PCH C Compiler, Version 5.015, 5967               01-abr-18 17:48

               Filename:   C:\Users\VAIO\Documents\class_micro\CCS C Projects\buzzer_activo\b_activo.lst

               ROM used:   100 bytes (0%)
                           Largest free fragment is 32668
               RAM used:   5 (0%) at main() level
                           6 (0%) worst case
               Stack used: 1 locations
               Stack size: 31

*
0000:  GOTO   002A
.................... #include <b_activo.h> 
.................... #include <18F4550.h> 
.................... //////////// Standard Header file for the PIC18F4550 device //////////////// 
.................... /////////////////////////////////////////////////////////////////////////// 
.................... ////        (C) Copyright 1996, 2013 Custom Computer Services          //// 
.................... //// This source code may only be used by licensed users of the CCS C  //// 
.................... //// compiler.  This source code may only be distributed to other      //// 
.................... //// licensed users of the CCS C compiler.  No other use, reproduction //// 
.................... //// or distribution is permitted without written permission.          //// 
.................... //// Derivative programs created using this software in object code    //// 
.................... //// form are not restricted in any way.                               //// 
.................... /////////////////////////////////////////////////////////////////////////// 
.................... #device PIC18F4550 
....................  
.................... #list 
....................  
.................... #device ADC=16 
....................  
.................... #FUSES NOWDT                 	//No Watch Dog Timer 
.................... #FUSES WDT128                	//Watch Dog Timer uses 1:128 Postscale 
.................... #FUSES NOBROWNOUT            	//No brownout reset 
.................... #FUSES NOLVP                 	//No low voltage prgming, B3(PIC16) or B5(PIC18) used for I/O 
.................... #FUSES NOXINST               	//Extended set extension and Indexed Addressing mode disabled (Legacy mode) 
....................  
.................... #use delay(crystal=20000000) 
0004:  CLRF   FEA
0006:  MOVLW  06
0008:  MOVWF  FE9
000A:  MOVF   FEF,W
000C:  BZ    0028
000E:  MOVLW  06
0010:  MOVWF  01
0012:  CLRF   00
0014:  DECFSZ 00,F
0016:  BRA    0014
0018:  DECFSZ 01,F
001A:  BRA    0012
001C:  MOVLW  7B
001E:  MOVWF  00
0020:  DECFSZ 00,F
0022:  BRA    0020
0024:  DECFSZ FEF,F
0026:  BRA    000E
0028:  RETURN 0
....................  
....................  
.................... # use fast_io(B) 
....................  
.................... /* INFORMATION 
.................... Active Buzzer module consists of an active piezoelectric buzzer, it generates a sound of aproximately 2.5kHz when signal is high. 
....................  
.................... Operating Voltage    3.5V ~ 5.5V 
.................... Maximum Current   30mA / 5VDC 
.................... Resonance Frequency   2500Hz ± 300Hz*/ 
.................... void main() 
002A:  CLRF   FF8
002C:  BCF    FD0.7
002E:  MOVF   FC1,W
0030:  ANDLW  C0
0032:  IORLW  0F
0034:  MOVWF  FC1
0036:  MOVLW  07
0038:  MOVWF  FB4
.................... { 
....................  
....................    set_tris_b(0); //configuro como salida el port B 
003A:  MOVLW  00
003C:  MOVWF  F93
....................    output_b(0);   //pongo 0 todas las salidas del puerto B 
003E:  CLRF   F8A
....................     
....................    while(TRUE) 
....................    { 
....................       output_high(PIN_B0); 
0040:  BSF    F8A.0
....................       delay_ms(400); 
0042:  MOVLW  02
0044:  MOVWF  05
0046:  MOVLW  C8
0048:  MOVWF  06
004A:  RCALL  0004
004C:  DECFSZ 05,F
004E:  BRA    0046
....................        
....................       output_low(PIN_B0); 
0050:  BCF    F8A.0
....................       delay_ms(400); 
0052:  MOVLW  02
0054:  MOVWF  05
0056:  MOVLW  C8
0058:  MOVWF  06
005A:  RCALL  0004
005C:  DECFSZ 05,F
005E:  BRA    0056
0060:  BRA    0040
....................    } 
....................  
.................... } 
0062:  SLEEP 

Configuration Fuses:
   Word  1: CC04   PLL5 CPUDIV1 NOUSBDIV HS FCMEN IESO
   Word  2: 0E38   PUT NOBROWNOUT BORV21 VREGEN NOWDT WDT128
   Word  3: 8700   CCP2C1 PBADEN LPT1OSC MCLR
   Word  4: 00A1   STVREN NOLVP ICSP2 NOXINST NODEBUG
   Word  5: C00F   NOPROTECT NOCPB NOCPD
   Word  6: E00F   NOWRT NOWRTC NOWRTB NOWRTD
   Word  7: 400F   NOEBTR NOEBTRB
