
ROM used:   356/32768 (1%)
            356/32768 (1%) including unused fragments

            0.4 Average locations per line
            11.9 Average locations per statement

RAM used:   5/2048 (0%) at main() level
            10/2048 (0%) worst case

Stack used: 1 worst case (1 in main + 0 for interrupts)
Stack size: 31

Lines Stmts  %   Files
----- ----- ---  -----
   53    30 100  motor_pap.c
   12     0   0  motor_pap.h
  837     0   0  ..\..\..\..\..\..\Program Files (x86)\PICC\Devices\18F4550.h
----- -----
  902    30 Total

Page ROM  %  RAM   Vol Diff  Functions:
---- --- --- ---   --- ----  ----------
0     38   5    1             @delay_ms1
0     20   3    0             @const646
0     20   3    0   181  4.0  @const649
0     20   3    0   181  4.0  @const652
0     24   3    0   181  4.0  @const655
0    230  32    1   898  5.6  main
 Inline         0             @cinit1

Program metrics:
    Functions               4
    Statements              30
    Comments                151
    Volume (V)              1892
    Difficulty (D)          17.7
    Effort to implement (E) 33486
    Time to implement (T)   31 minutes
    Est Delivered Bugs (B)  0
    Cyclomatic Complexity   11
    Maintainability (MI)    101

 Segment     Used  Free
-----------  ----  ----
00000-00002     4  0  
00004-07FFE   352  32412  



