CCS PCH C Compiler, Version 5.015, 5967               24-abr-18 00:55

               Filename:   C:\Users\VAIO\Desktop\class_micro\CCS C Projects\motor_pap\motor_pap.lst

               ROM used:   126 bytes (0%)
                           Largest free fragment is 32642
               RAM used:   5 (0%) at main() level
                           6 (0%) worst case
               Stack used: 1 locations
               Stack size: 31

*
0000:  GOTO   0040
.................... #include <motor_pap.h> 
.................... #include <18F4550.h> 
.................... //////////// Standard Header file for the PIC18F4550 device //////////////// 
.................... /////////////////////////////////////////////////////////////////////////// 
.................... ////        (C) Copyright 1996, 2013 Custom Computer Services          //// 
.................... //// This source code may only be used by licensed users of the CCS C  //// 
.................... //// compiler.  This source code may only be distributed to other      //// 
.................... //// licensed users of the CCS C compiler.  No other use, reproduction //// 
.................... //// or distribution is permitted without written permission.          //// 
.................... //// Derivative programs created using this software in object code    //// 
.................... //// form are not restricted in any way.                               //// 
.................... /////////////////////////////////////////////////////////////////////////// 
.................... #device PIC18F4550 
0004:  CLRF   FF7
0006:  ADDLW  14
0008:  MOVWF  FF6
000A:  MOVLW  00
000C:  ADDWFC FF7,F
000E:  TBLRD*+
0010:  MOVF   FF5,W
0012:  RETURN 0
0014:  DATA 01,02
0016:  DATA 04,08
....................  
.................... #list 
....................  
.................... #device ADC=16 
....................  
.................... #FUSES NOWDT                 	//No Watch Dog Timer 
.................... #FUSES WDT128                	//Watch Dog Timer uses 1:128 Postscale 
.................... #FUSES NOBROWNOUT            	//No brownout reset 
.................... #FUSES NOLVP                 	//No low voltage prgming, B3(PIC16) or B5(PIC18) used for I/O 
.................... #FUSES NOXINST               	//Extended set extension and Indexed Addressing mode disabled (Legacy mode) 
....................  
.................... #use delay(crystal=20000000) 
0018:  CLRF   FEA
001A:  MOVLW  06
001C:  MOVWF  FE9
001E:  MOVF   FEF,W
0020:  BZ    003C
0022:  MOVLW  06
0024:  MOVWF  01
0026:  CLRF   00
0028:  DECFSZ 00,F
002A:  BRA    0028
002C:  DECFSZ 01,F
002E:  BRA    0026
0030:  MOVLW  7B
0032:  MOVWF  00
0034:  DECFSZ 00,F
0036:  BRA    0034
0038:  DECFSZ FEF,F
003A:  BRA    0022
003C:  GOTO   0076 (RETURN)
....................  
....................  
....................  
.................... #use fast_io(D) 
....................  
.................... const byte positions[] = { 
....................                            0b00000001, 
....................                            0b00000010, 
....................                            0b00000100, 
....................                            0b00001000 
....................                            }; 
....................  
.................... void main() 
0040:  CLRF   FF8
0042:  BCF    FD0.7
0044:  MOVF   FC1,W
0046:  ANDLW  C0
0048:  IORLW  0F
004A:  MOVWF  FC1
004C:  MOVLW  07
004E:  MOVWF  FB4
.................... { 
....................    set_tris_d(0); 
0050:  MOVLW  00
0052:  MOVWF  F95
....................    output_d(0); 
0054:  CLRF   F8C
....................     
....................    while(TRUE) 
....................    { 
....................       for(int x=0; x < 4; x++){ 
0056:  CLRF   05
0058:  MOVF   05,W
005A:  SUBLW  03
005C:  BNC   007A
....................          output_d(positions[x]); 
005E:  CLRF   03
0060:  MOVF   05,W
0062:  MOVFF  FF2,06
0066:  BCF    FF2.7
0068:  RCALL  0004
006A:  BTFSC  06.7
006C:  BSF    FF2.7
006E:  MOVWF  F8C
....................          delay_ms(50); 
0070:  MOVLW  32
0072:  MOVWF  06
0074:  BRA    0018
0076:  INCF   05,F
0078:  BRA    0058
....................       } 
007A:  BRA    0056
....................        
....................    } 
....................  
.................... } 
007C:  SLEEP 

Configuration Fuses:
   Word  1: CC04   PLL5 CPUDIV1 NOUSBDIV HS FCMEN IESO
   Word  2: 0E38   PUT NOBROWNOUT BORV21 VREGEN NOWDT WDT128
   Word  3: 8700   CCP2C1 PBADEN LPT1OSC MCLR
   Word  4: 00A1   STVREN NOLVP ICSP2 NOXINST NODEBUG
   Word  5: C00F   NOPROTECT NOCPB NOCPD
   Word  6: E00F   NOWRT NOWRTC NOWRTB NOWRTD
   Word  7: 400F   NOEBTR NOEBTRB
