CCS PCH C Compiler, Version 5.015, 5967               03-abr-18 06:16

               Filename:   C:\Users\VAIO\Desktop\class_micro\CCS C Projects\LCD_Mensaje\lcd_mensaje.lst

               ROM used:   582 bytes (2%)
                           Largest free fragment is 32186
               RAM used:   5 (0%) at main() level
                           16 (1%) worst case
               Stack used: 6 locations
               Stack size: 31

*
0000:  GOTO   01F8
.................... #include <lcd_mensaje.h> 
.................... #include <18LF4550.h> 
.................... //////////// Standard Header file for the PIC18LF4550 device //////////////// 
.................... /////////////////////////////////////////////////////////////////////////// 
.................... ////        (C) Copyright 1996, 2013 Custom Computer Services          //// 
.................... //// This source code may only be used by licensed users of the CCS C  //// 
.................... //// compiler.  This source code may only be distributed to other      //// 
.................... //// licensed users of the CCS C compiler.  No other use, reproduction //// 
.................... //// or distribution is permitted without written permission.          //// 
.................... //// Derivative programs created using this software in object code    //// 
.................... //// form are not restricted in any way.                               //// 
.................... /////////////////////////////////////////////////////////////////////////// 
.................... #device PIC18LF4550 
0004:  DATA 0C,48
0006:  DATA 6F,6C
0008:  DATA 61,20
000A:  DATA 20,3A
000C:  DATA 29,00
000E:  DATA 44,65
0010:  DATA 73,63
0012:  DATA 6F,6E
0014:  DATA 6F,63
0016:  DATA 69,64
0018:  DATA 6F,20
001A:  DATA 00,00
*
01D8:  TBLRD*+
01DA:  MOVF   FF5,F
01DC:  BZ    01F6
01DE:  MOVFF  FF6,05
01E2:  MOVFF  FF7,06
01E6:  MOVFF  FF5,07
01EA:  BRA    0186
01EC:  MOVFF  05,FF6
01F0:  MOVFF  06,FF7
01F4:  BRA    01D8
01F6:  RETURN 0
....................  
.................... #list 
....................  
.................... #device ADC=16 
....................  
.................... #FUSES NOWDT                    //No Watch Dog Timer 
.................... #FUSES WDT128                   //Watch Dog Timer uses 1:128 Postscale 
.................... #FUSES NOBROWNOUT               //No brownout reset 
.................... #FUSES NOLVP                    //No low voltage prgming, B3(PIC16) or B5(PIC18) used for I/O 
.................... #FUSES NOXINST                  //Extended set extension and Indexed Addressing mode disabled (Legacy mode) 
....................  
.................... #use delay(crystal=20000000) 
*
001C:  CLRF   FEA
001E:  MOVLW  0A
0020:  MOVWF  FE9
0022:  MOVF   FEF,W
0024:  BZ    0040
0026:  MOVLW  06
0028:  MOVWF  01
002A:  CLRF   00
002C:  DECFSZ 00,F
002E:  BRA    002C
0030:  DECFSZ 01,F
0032:  BRA    002A
0034:  MOVLW  7B
0036:  MOVWF  00
0038:  DECFSZ 00,F
003A:  BRA    0038
003C:  DECFSZ FEF,F
003E:  BRA    0026
0040:  RETURN 0
....................  
....................  
.................... #include <lcd.c> 
.................... /////////////////////////////////////////////////////////////////////////////// 
.................... ////                             LCD.C                                     //// 
.................... ////                 Driver for common LCD modules                         //// 
.................... ////                                                                       //// 
.................... ////  lcd_init()   Must be called before any other function.               //// 
.................... ////                                                                       //// 
.................... ////  lcd_putc(c)  Will display c on the next position of the LCD.         //// 
.................... ////                 \a  Set cursor position to upper left                 //// 
.................... ////                 \f  Clear display, set cursor to upper left           //// 
.................... ////                 \n  Go to start of second line                        //// 
.................... ////                 \b  Move back one position                            //// 
.................... ////              If LCD_EXTENDED_NEWLINE is defined, the \n character     //// 
.................... ////              will erase all remanining characters on the current      //// 
.................... ////              line, and move the cursor to the beginning of the next   //// 
.................... ////              line.                                                    //// 
.................... ////              If LCD_EXTENDED_NEWLINE is defined, the \r character     //// 
.................... ////              will move the cursor to the start of the current         //// 
.................... ////              line.                                                    //// 
.................... ////                                                                       //// 
.................... ////  lcd_gotoxy(x,y) Set write position on LCD (upper left is 1,1)        //// 
.................... ////                                                                       //// 
.................... ////  lcd_getc(x,y)   Returns character at position x,y on LCD             //// 
.................... ////                                                                       //// 
.................... ////  lcd_cursor_on(int1 on)   Turn the cursor on (on=TRUE) or off         //// 
.................... ////              (on=FALSE).                                              //// 
.................... ////                                                                       //// 
.................... ////  lcd_set_cgram_char(w, *p)   Write a custom character to the CGRAM.   //// 
.................... ////                                                                       //// 
.................... ////                                                                       //// 
.................... ////  CONFIGURATION                                                        //// 
.................... ////  The LCD can be configured in one of two ways: a.) port access or     //// 
.................... ////  b.) pin access.  Port access requires the entire 7 bit interface     //// 
.................... ////  connected to one GPIO port, and the data bits (D4:D7 of the LCD)     //// 
.................... ////  connected to sequential pins on the GPIO.  Pin access                //// 
.................... ////  has no requirements, all 7 bits of the control interface can         //// 
.................... ////  can be connected to any GPIO using several ports.                    //// 
.................... ////                                                                       //// 
.................... ////  To use port access, #define LCD_DATA_PORT to the SFR location of     //// 
.................... ////  of the GPIO port that holds the interface, -AND- edit LCD_PIN_MAP    //// 
.................... ////  of this file to configure the pin order.  If you are using a         //// 
.................... ////  baseline PIC (PCB), then LCD_OUTPUT_MAP and LCD_INPUT_MAP also must  //// 
.................... ////  be defined.                                                          //// 
.................... ////                                                                       //// 
.................... ////  Example of port access:                                              //// 
.................... ////     #define LCD_DATA_PORT getenv("SFR:PORTD")                         //// 
.................... ////                                                                       //// 
.................... ////  To use pin access, the following pins must be defined:               //// 
.................... ////     LCD_ENABLE_PIN                                                    //// 
.................... ////     LCD_RS_PIN                                                        //// 
.................... ////     LCD_RW_PIN                                                        //// 
.................... ////     LCD_DATA4                                                         //// 
.................... ////     LCD_DATA5                                                         //// 
.................... ////     LCD_DATA6                                                         //// 
.................... ////     LCD_DATA7                                                         //// 
.................... ////                                                                       //// 
.................... ////  Example of pin access:                                               //// 
.................... ////     #define LCD_ENABLE_PIN  PIN_E0                                    //// 
.................... ////     #define LCD_RS_PIN      PIN_E1                                    //// 
.................... ////     #define LCD_RW_PIN      PIN_E2                                    //// 
.................... ////     #define LCD_DATA4       PIN_D4                                    //// 
.................... ////     #define LCD_DATA5       PIN_D5                                    //// 
.................... ////     #define LCD_DATA6       PIN_D6                                    //// 
.................... ////     #define LCD_DATA7       PIN_D7                                    //// 
.................... ////                                                                       //// 
.................... /////////////////////////////////////////////////////////////////////////////// 
.................... ////        (C) Copyright 1996,2010 Custom Computer Services           //// 
.................... //// This source code may only be used by licensed users of the CCS C  //// 
.................... //// compiler.  This source code may only be distributed to other      //// 
.................... //// licensed users of the CCS C compiler.  No other use, reproduction //// 
.................... //// or distribution is permitted without written permission.          //// 
.................... //// Derivative programs created using this software in object code    //// 
.................... //// form are not restricted in any way.                               //// 
.................... /////////////////////////////////////////////////////////////////////////// 
....................  
.................... #ifndef __LCD_C__ 
.................... #define __LCD_C__ 
....................  
.................... // define the pinout. 
.................... // only required if port access is being used. 
.................... typedef struct   
.................... {                            // This structure is overlayed 
....................    int1 enable;           // on to an I/O port to gain 
....................    int1 rs;               // access to the LCD pins. 
....................    int1 rw;               // The bits are allocated from 
....................    int1 unused;           // low order up.  ENABLE will 
....................    unsigned int     data : 4;         // be LSB pin of that port. 
....................   #if defined(__PCD__)       // The port used will be LCD_DATA_PORT. 
....................    unsigned int    reserved: 8; 
....................   #endif 
.................... } LCD_PIN_MAP; 
....................  
.................... // this is to improve compatability with previous LCD drivers that accepted 
.................... // a define labeled 'use_portb_lcd' that configured the LCD onto port B. 
.................... #if ((defined(use_portb_lcd)) && (use_portb_lcd==TRUE)) 
....................  #define LCD_DATA_PORT getenv("SFR:PORTB") 
.................... #endif 
....................  
.................... #if defined(__PCB__) 
....................    // these definitions only need to be modified for baseline PICs. 
....................    // all other PICs use LCD_PIN_MAP or individual LCD_xxx pin definitions. 
.................... /*                                    EN, RS,   RW,   UNUSED,  DATA  */ 
....................  const LCD_PIN_MAP LCD_OUTPUT_MAP =  {0,  0,    0,    0,       0}; 
....................  const LCD_PIN_MAP LCD_INPUT_MAP =   {0,  0,    0,    0,       0xF}; 
.................... #endif 
....................  
.................... ////////////////////// END CONFIGURATION /////////////////////////////////// 
....................  
.................... #ifndef LCD_ENABLE_PIN 
....................    #define lcd_output_enable(x) lcdlat.enable=x 
....................    #define lcd_enable_tris()   lcdtris.enable=0 
.................... #else 
....................    #define lcd_output_enable(x) output_bit(LCD_ENABLE_PIN, x) 
....................    #define lcd_enable_tris()  output_drive(LCD_ENABLE_PIN) 
.................... #endif 
....................  
.................... #ifndef LCD_RS_PIN 
....................    #define lcd_output_rs(x) lcdlat.rs=x 
....................    #define lcd_rs_tris()   lcdtris.rs=0 
.................... #else 
....................    #define lcd_output_rs(x) output_bit(LCD_RS_PIN, x) 
....................    #define lcd_rs_tris()  output_drive(LCD_RS_PIN) 
.................... #endif 
....................  
.................... #ifndef LCD_RW_PIN 
....................    #define lcd_output_rw(x) lcdlat.rw=x 
....................    #define lcd_rw_tris()   lcdtris.rw=0 
.................... #else 
....................    #define lcd_output_rw(x) output_bit(LCD_RW_PIN, x) 
....................    #define lcd_rw_tris()  output_drive(LCD_RW_PIN) 
.................... #endif 
....................  
.................... // original version of this library incorrectly labeled LCD_DATA0 as LCD_DATA4, 
.................... // LCD_DATA1 as LCD_DATA5, and so on.  this block of code makes the driver 
.................... // compatible with any code written for the original library 
.................... #if (defined(LCD_DATA0) && defined(LCD_DATA1) && defined(LCD_DATA2) && defined(LCD_DATA3) && !defined(LCD_DATA4) && !defined(LCD_DATA5) && !defined(LCD_DATA6) && !defined(LCD_DATA7)) 
....................    #define  LCD_DATA4    LCD_DATA0 
....................    #define  LCD_DATA5    LCD_DATA1 
....................    #define  LCD_DATA6    LCD_DATA2 
....................    #define  LCD_DATA7    LCD_DATA3 
.................... #endif 
....................  
.................... #ifndef LCD_DATA4 
.................... #ifndef LCD_DATA_PORT 
....................    #if defined(__PCB__) 
....................       #define LCD_DATA_PORT      0x06     //portb 
....................       #define set_tris_lcd(x)   set_tris_b(x) 
....................    #else 
....................      #if defined(PIN_D0) 
....................       #define LCD_DATA_PORT      getenv("SFR:PORTD")     //portd 
....................      #else 
....................       #define LCD_DATA_PORT      getenv("SFR:PORTB")     //portb 
....................      #endif 
....................    #endif    
.................... #endif 
....................  
.................... #if defined(__PCB__) 
....................    LCD_PIN_MAP lcd, lcdlat; 
....................    #byte lcd = LCD_DATA_PORT 
....................    #byte lcdlat = LCD_DATA_PORT 
.................... #elif defined(__PCM__) 
....................    LCD_PIN_MAP lcd, lcdlat, lcdtris; 
....................    #byte lcd = LCD_DATA_PORT 
....................    #byte lcdlat = LCD_DATA_PORT 
....................    #byte lcdtris = LCD_DATA_PORT+0x80 
.................... #elif defined(__PCH__) 
....................    LCD_PIN_MAP lcd, lcdlat, lcdtris; 
....................    #byte lcd = LCD_DATA_PORT 
....................    #byte lcdlat = LCD_DATA_PORT+9 
....................    #byte lcdtris = LCD_DATA_PORT+0x12 
.................... #elif defined(__PCD__) 
....................    LCD_PIN_MAP lcd, lcdlat, lcdtris; 
....................    #word lcd = LCD_DATA_PORT 
....................    #word lcdlat = LCD_DATA_PORT+2 
....................    #word lcdtris = LCD_DATA_PORT-0x02 
.................... #endif 
.................... #endif   //LCD_DATA4 not defined 
....................  
.................... #ifndef LCD_TYPE 
....................    #define LCD_TYPE 2           // 0=5x7, 1=5x10, 2=2 lines 
.................... #endif 
....................  
.................... #ifndef LCD_LINE_TWO 
....................    #define LCD_LINE_TWO 0x40    // LCD RAM address for the second line 
.................... #endif 
....................  
.................... #ifndef LCD_LINE_LENGTH 
....................    #define LCD_LINE_LENGTH 20 
.................... #endif 
....................  
.................... unsigned int8 lcd_read_nibble(void); 
....................  
.................... unsigned int8 lcd_read_byte(void) 
.................... { 
....................    unsigned int8 low,high; 
....................  
....................  #if defined(__PCB__) 
....................    set_tris_lcd(LCD_INPUT_MAP); 
....................  #else 
....................   #if (defined(LCD_DATA4) && defined(LCD_DATA5) && defined(LCD_DATA6) && defined(LCD_DATA7)) 
....................    output_float(LCD_DATA4); 
....................    output_float(LCD_DATA5); 
....................    output_float(LCD_DATA6); 
....................    output_float(LCD_DATA7); 
....................   #else 
....................    lcdtris.data = 0xF; 
*
0070:  MOVLW  0F
0072:  ANDWF  F95,W
0074:  IORLW  F0
0076:  MOVWF  F95
....................   #endif 
....................  #endif 
....................          
....................    lcd_output_rw(1); 
0078:  BSF    F8C.2
....................    delay_cycles(1); 
007A:  NOP   
....................    lcd_output_enable(1); 
007C:  BSF    F8C.0
....................    delay_cycles(1); 
007E:  NOP   
....................    high = lcd_read_nibble(); 
0080:  RCALL  0064
0082:  MOVFF  01,0F
....................        
....................    lcd_output_enable(0); 
0086:  BCF    F8C.0
....................    delay_cycles(1); 
0088:  NOP   
....................    lcd_output_enable(1); 
008A:  BSF    F8C.0
....................    delay_us(1); 
008C:  BRA    008E
008E:  BRA    0090
0090:  NOP   
....................    low = lcd_read_nibble(); 
0092:  RCALL  0064
0094:  MOVFF  01,0E
....................        
....................    lcd_output_enable(0); 
0098:  BCF    F8C.0
....................  
....................  #if defined(__PCB__) 
....................    set_tris_lcd(LCD_OUTPUT_MAP); 
....................  #else 
....................   #if (defined(LCD_DATA4) && defined(LCD_DATA5) && defined(LCD_DATA6) && defined(LCD_DATA7)) 
....................    output_drive(LCD_DATA4); 
....................    output_drive(LCD_DATA5); 
....................    output_drive(LCD_DATA6); 
....................    output_drive(LCD_DATA7); 
....................   #else 
....................    lcdtris.data = 0x0; 
009A:  MOVLW  0F
009C:  ANDWF  F95,W
009E:  MOVWF  F95
....................   #endif 
....................  #endif 
....................  
....................    return( (high<<4) | low); 
00A0:  SWAPF  0F,W
00A2:  MOVWF  00
00A4:  MOVLW  F0
00A6:  ANDWF  00,F
00A8:  MOVF   00,W
00AA:  IORWF  0E,W
00AC:  MOVWF  01
00AE:  GOTO   00BC (RETURN)
.................... } 
....................  
.................... unsigned int8 lcd_read_nibble(void) 
.................... { 
....................   #if (defined(LCD_DATA4) && defined(LCD_DATA5) && defined(LCD_DATA6) && defined(LCD_DATA7)) 
....................    unsigned int8 n = 0x00; 
....................  
....................    /* Read the data port */ 
....................    n |= input(LCD_DATA4); 
....................    n |= input(LCD_DATA5) << 1; 
....................    n |= input(LCD_DATA6) << 2; 
....................    n |= input(LCD_DATA7) << 3; 
....................     
....................    return(n); 
....................   #else 
....................    return(lcd.data); 
*
0064:  MOVF   F83,W
0066:  MOVWF  00
0068:  SWAPF  00,W
006A:  ANDLW  0F
006C:  MOVWF  01
....................   #endif 
006E:  RETURN 0
.................... } 
....................  
.................... void lcd_send_nibble(unsigned int8 n) 
.................... { 
....................   #if (defined(LCD_DATA4) && defined(LCD_DATA5) && defined(LCD_DATA6) && defined(LCD_DATA7)) 
....................    /* Write to the data port */ 
....................    output_bit(LCD_DATA4, bit_test(n, 0)); 
....................    output_bit(LCD_DATA5, bit_test(n, 1)); 
....................    output_bit(LCD_DATA6, bit_test(n, 2)); 
....................    output_bit(LCD_DATA7, bit_test(n, 3)); 
....................   #else       
....................    lcdlat.data = n; 
*
0042:  SWAPF  0F,W
0044:  ANDLW  F0
0046:  MOVWF  00
0048:  MOVLW  0F
004A:  ANDWF  F8C,W
004C:  IORWF  00,W
004E:  MOVWF  F8C
....................   #endif 
....................        
....................    delay_cycles(1); 
0050:  NOP   
....................    lcd_output_enable(1); 
0052:  BSF    F8C.0
....................    delay_us(2); 
0054:  MOVLW  02
0056:  MOVWF  00
0058:  DECFSZ 00,F
005A:  BRA    0058
005C:  BRA    005E
005E:  NOP   
....................    lcd_output_enable(0); 
0060:  BCF    F8C.0
0062:  RETURN 0
.................... } 
....................  
.................... void lcd_send_byte(unsigned int8 address, unsigned int8 n) 
.................... { 
....................   #if defined(__PCB__) 
....................    set_tris_lcd(LCD_OUTPUT_MAP); 
....................   #else 
....................    lcd_enable_tris(); 
*
00B2:  BCF    F95.0
....................    lcd_rs_tris(); 
00B4:  BCF    F95.1
....................    lcd_rw_tris(); 
00B6:  BCF    F95.2
....................   #endif 
....................  
....................    lcd_output_rs(0); 
00B8:  BCF    F8C.1
....................    while ( bit_test(lcd_read_byte(),7) ) ; 
00BA:  BRA    0070
00BC:  MOVFF  01,0E
00C0:  BTFSC  01.7
00C2:  BRA    00BA
....................    lcd_output_rs(address); 
00C4:  BCF    F8C.1
00C6:  BTFSC  0C.0
00C8:  BSF    F8C.1
....................    delay_cycles(1); 
00CA:  NOP   
....................    lcd_output_rw(0); 
00CC:  BCF    F8C.2
....................    delay_cycles(1); 
00CE:  NOP   
....................    lcd_output_enable(0); 
00D0:  BCF    F8C.0
....................    lcd_send_nibble(n >> 4); 
00D2:  SWAPF  0D,W
00D4:  MOVWF  0E
00D6:  MOVLW  0F
00D8:  ANDWF  0E,F
00DA:  MOVFF  0E,0F
00DE:  RCALL  0042
....................    lcd_send_nibble(n & 0xf); 
00E0:  MOVF   0D,W
00E2:  ANDLW  0F
00E4:  MOVWF  0E
00E6:  MOVWF  0F
00E8:  RCALL  0042
00EA:  RETURN 0
.................... } 
....................  
.................... #if defined(LCD_EXTENDED_NEWLINE) 
.................... unsigned int8 g_LcdX, g_LcdY; 
.................... #endif 
....................  
.................... void lcd_init(void)  
.................... { 
....................    unsigned int8 i; 
....................    unsigned int8 LCD_INIT_STRING[4] = {0x20 | (LCD_TYPE << 2), 0xc, 1, 6}; 
00EC:  MOVLW  28
00EE:  MOVWF  06
00F0:  MOVLW  0C
00F2:  MOVWF  07
00F4:  MOVLW  01
00F6:  MOVWF  08
00F8:  MOVLW  06
00FA:  MOVWF  09
....................                              // These bytes need to be sent to the LCD 
....................                              // to start it up. 
....................     
....................  
....................    lcd_output_enable(0); 
00FC:  BCF    F8C.0
....................    lcd_output_rs(0); 
00FE:  BCF    F8C.1
....................    lcd_output_rw(0); 
0100:  BCF    F8C.2
....................  
....................  #if defined(__PCB__) 
....................    set_tris_lcd(LCD_OUTPUT_MAP); 
....................  #else 
....................   #if (defined(LCD_DATA4) && defined(LCD_DATA5) && defined(LCD_DATA6) && defined(LCD_DATA7)) 
....................    output_drive(LCD_DATA4); 
....................    output_drive(LCD_DATA5); 
....................    output_drive(LCD_DATA6); 
....................    output_drive(LCD_DATA7); 
....................   #else 
....................    lcdtris.data = 0x0; 
0102:  MOVLW  0F
0104:  ANDWF  F95,W
0106:  MOVWF  F95
....................   #endif 
....................    lcd_enable_tris(); 
0108:  BCF    F95.0
....................    lcd_rs_tris(); 
010A:  BCF    F95.1
....................    lcd_rw_tris(); 
010C:  BCF    F95.2
....................  #endif 
....................      
....................    delay_ms(15); 
010E:  MOVLW  0F
0110:  MOVWF  0A
0112:  RCALL  001C
....................    for(i=1;i<=3;++i) 
0114:  MOVLW  01
0116:  MOVWF  05
0118:  MOVF   05,W
011A:  SUBLW  03
011C:  BNC   012E
....................    { 
....................        lcd_send_nibble(3); 
011E:  MOVLW  03
0120:  MOVWF  0F
0122:  RCALL  0042
....................        delay_ms(5); 
0124:  MOVLW  05
0126:  MOVWF  0A
0128:  RCALL  001C
012A:  INCF   05,F
012C:  BRA    0118
....................    } 
....................     
....................    lcd_send_nibble(2); 
012E:  MOVLW  02
0130:  MOVWF  0F
0132:  RCALL  0042
....................    delay_ms(5); 
0134:  MOVLW  05
0136:  MOVWF  0A
0138:  RCALL  001C
....................    for(i=0;i<=3;++i) 
013A:  CLRF   05
013C:  MOVF   05,W
013E:  SUBLW  03
0140:  BNC   0160
....................       lcd_send_byte(0,LCD_INIT_STRING[i]); 
0142:  CLRF   03
0144:  MOVF   05,W
0146:  ADDLW  06
0148:  MOVWF  FE9
014A:  MOVLW  00
014C:  ADDWFC 03,W
014E:  MOVWF  FEA
0150:  MOVFF  FEF,0A
0154:  CLRF   0C
0156:  MOVFF  0A,0D
015A:  RCALL  00B2
....................  
....................   #if defined(LCD_EXTENDED_NEWLINE) 
015C:  INCF   05,F
015E:  BRA    013C
0160:  GOTO   020A (RETURN)
....................    g_LcdX = 0; 
....................    g_LcdY = 0; 
....................   #endif 
.................... } 
....................  
.................... void lcd_gotoxy(unsigned int8 x, unsigned int8 y) 
.................... { 
....................    unsigned int8 address; 
....................     
....................    if(y!=1) 
0164:  DECFSZ 09,W
0166:  BRA    016A
0168:  BRA    0170
....................       address=LCD_LINE_TWO; 
016A:  MOVLW  40
016C:  MOVWF  0A
016E:  BRA    0172
....................    else 
....................       address=0; 
0170:  CLRF   0A
....................       
....................    address+=x-1; 
0172:  MOVLW  01
0174:  SUBWF  08,W
0176:  ADDWF  0A,F
....................    lcd_send_byte(0,0x80|address); 
0178:  MOVF   0A,W
017A:  IORLW  80
017C:  MOVWF  0B
017E:  CLRF   0C
0180:  MOVWF  0D
0182:  RCALL  00B2
....................  
....................   #if defined(LCD_EXTENDED_NEWLINE) 
0184:  RETURN 0
....................    g_LcdX = x - 1; 
....................    g_LcdY = y - 1; 
....................   #endif 
.................... } 
....................  
.................... void lcd_putc(char c) 
.................... { 
....................    switch (c) 
0186:  MOVF   07,W
0188:  XORLW  07
018A:  BZ    019A
018C:  XORLW  0B
018E:  BZ    01A4
0190:  XORLW  06
0192:  BZ    01B4
0194:  XORLW  02
0196:  BZ    01C0
0198:  BRA    01CA
....................    { 
....................       case '\a'   :  lcd_gotoxy(1,1);     break; 
019A:  MOVLW  01
019C:  MOVWF  08
019E:  MOVWF  09
01A0:  RCALL  0164
01A2:  BRA    01D4
....................  
....................       case '\f'   :  lcd_send_byte(0,1); 
01A4:  CLRF   0C
01A6:  MOVLW  01
01A8:  MOVWF  0D
01AA:  RCALL  00B2
....................                      delay_ms(2); 
01AC:  MOVLW  02
01AE:  MOVWF  0A
01B0:  RCALL  001C
....................                     #if defined(LCD_EXTENDED_NEWLINE) 
....................                      g_LcdX = 0; 
....................                      g_LcdY = 0; 
....................                     #endif 
....................                      break; 
01B2:  BRA    01D4
....................  
....................      #if defined(LCD_EXTENDED_NEWLINE) 
....................       case '\r'   :  lcd_gotoxy(1, g_LcdY+1);   break; 
....................       case '\n'   : 
....................          while (g_LcdX++ < LCD_LINE_LENGTH) 
....................          { 
....................             lcd_send_byte(1, ' '); 
....................          } 
....................          lcd_gotoxy(1, g_LcdY+2); 
....................          break; 
....................      #else 
....................       case '\n'   : lcd_gotoxy(1,2);        break; 
01B4:  MOVLW  01
01B6:  MOVWF  08
01B8:  MOVLW  02
01BA:  MOVWF  09
01BC:  RCALL  0164
01BE:  BRA    01D4
....................      #endif 
....................       
....................       case '\b'   : lcd_send_byte(0,0x10);  break; 
01C0:  CLRF   0C
01C2:  MOVLW  10
01C4:  MOVWF  0D
01C6:  RCALL  00B2
01C8:  BRA    01D4
....................       
....................      #if defined(LCD_EXTENDED_NEWLINE) 
....................       default     :  
....................          if (g_LcdX < LCD_LINE_LENGTH) 
....................          { 
....................             lcd_send_byte(1, c); 
....................             g_LcdX++; 
....................          } 
....................          break; 
....................      #else 
....................       default     : lcd_send_byte(1,c);     break; 
01CA:  MOVLW  01
01CC:  MOVWF  0C
01CE:  MOVFF  07,0D
01D2:  RCALL  00B2
....................      #endif 
....................    } 
01D4:  GOTO   01EC (RETURN)
.................... } 
....................   
.................... char lcd_getc(unsigned int8 x, unsigned int8 y) 
.................... { 
....................    char value; 
....................  
....................    lcd_gotoxy(x,y); 
....................    while ( bit_test(lcd_read_byte(),7) ); // wait until busy flag is low 
....................    lcd_output_rs(1); 
....................    value = lcd_read_byte(); 
....................    lcd_output_rs(0); 
....................     
....................    return(value); 
.................... } 
....................  
.................... // write a custom character to the ram 
.................... // which is 0-7 and specifies which character array we are modifying. 
.................... // ptr points to an array of 8 bytes, where each byte is the next row of 
.................... //    pixels.  only bits 0-4 are used.  the last row is the cursor row, and 
.................... //    usually you will want to leave this byte 0x00. 
.................... void lcd_set_cgram_char(unsigned int8 which, unsigned int8 *ptr) 
.................... { 
....................    unsigned int i; 
....................  
....................    which <<= 3; 
....................    which &= 0x38; 
....................  
....................    lcd_send_byte(0, 0x40 | which);  //set cgram address 
....................  
....................    for(i=0; i<8; i++) 
....................    { 
....................       lcd_send_byte(1, *ptr++); 
....................    } 
....................    
....................    #if defined(LCD_EXTENDED_NEWLINE) 
....................     lcd_gotoxy(g_LcdX+1, g_LcdY+1);  //set ddram address 
....................    #endif 
.................... } 
....................  
.................... void lcd_cursor_on(int1 on) 
.................... { 
....................    if (on) 
....................    { 
....................       lcd_send_byte(0,0x0F);           //turn LCD cursor ON 
....................    } 
....................    else 
....................    { 
....................       lcd_send_byte(0,0x0C);           //turn LCD cursor OFF 
....................    } 
.................... } 
....................  
.................... #endif 
....................  
....................  
.................... #use fast_io(D)   
....................  
.................... #define LCD_ENABLE_PIN  PIN_D0                                    //// 
.................... #define LCD_RS_PIN      PIN_D1                                    //// 
.................... #define LCD_RW_PIN      PIN_D2               
....................  
.................... #define LCD_DATA4       PIN_D4     
.................... #define LCD_DATA5       PIN_D5    
.................... #define LCD_DATA6       PIN_D6    
.................... #define LCD_DATA7       PIN_D7  
....................  
.................... void main() 
*
01F8:  CLRF   FF8
01FA:  BCF    FD0.7
01FC:  MOVF   FC1,W
01FE:  ANDLW  C0
0200:  IORLW  0F
0202:  MOVWF  FC1
0204:  MOVLW  07
0206:  MOVWF  FB4
.................... { 
....................    
....................    lcd_init(); //inicializo la LCD 
0208:  BRA    00EC
....................     
....................    delay_ms(100); //se da ese tiempo para que la LCD se reestablesca 
020A:  MOVLW  64
020C:  MOVWF  0A
020E:  RCALL  001C
....................     
....................    while(TRUE) 
....................    { 
....................       printf(lcd_putc, "\fHola  :)"); 
0210:  MOVLW  04
0212:  MOVWF  FF6
0214:  MOVLW  00
0216:  MOVWF  FF7
0218:  RCALL  01D8
....................       delay_ms(250); 
021A:  MOVLW  FA
021C:  MOVWF  0A
021E:  RCALL  001C
....................       lcd_gotoxy(1,2); 
0220:  MOVLW  01
0222:  MOVWF  08
0224:  MOVLW  02
0226:  MOVWF  09
0228:  RCALL  0164
....................       printf(lcd_putc, "Desconocido "); 
022A:  MOVLW  0E
022C:  MOVWF  FF6
022E:  MOVLW  00
0230:  MOVWF  FF7
0232:  RCALL  01D8
....................       delay_ms(800); 
0234:  MOVLW  04
0236:  MOVWF  05
0238:  MOVLW  C8
023A:  MOVWF  0A
023C:  RCALL  001C
023E:  DECFSZ 05,F
0240:  BRA    0238
0242:  BRA    0210
....................    } 
.................... } 
0244:  SLEEP 

Configuration Fuses:
   Word  1: CC04   PLL5 CPUDIV1 NOUSBDIV HS FCMEN IESO
   Word  2: 0E38   PUT NOBROWNOUT BORV21 VREGEN NOWDT WDT128
   Word  3: 8700   CCP2C1 PBADEN LPT1OSC MCLR
   Word  4: 00A1   STVREN NOLVP ICSP2 NOXINST NODEBUG
   Word  5: C00F   NOPROTECT NOCPB NOCPD
   Word  6: E00F   NOWRT NOWRTC NOWRTB NOWRTD
   Word  7: 400F   NOEBTR NOEBTRB
