
ROM used:   1296/32768 (4%)
            1296/32768 (4%) including unused fragments

            1.5 Average locations per line
            86.4 Average locations per statement

RAM used:   8/2048 (0%) at main() level
            33/2048 (2%) worst case

Stack used: 1 worst case (1 in main + 0 for interrupts)
Stack size: 31

Lines Stmts  %   Files
----- ----- ---  -----
   30    15 100  servo_adc.c
   12     0   0  servo_adc.h
  837     0   0  ..\..\..\..\..\..\Program Files (x86)\PICC\Devices\18F4550.h
----- -----
  879    15 Total

Page ROM  %  RAM   Vol Diff  Functions:
---- --- --- ---   --- ----  ----------
0     26   1    1             @delay_us1
0    288  11    4   526  6.0  main
0     56   2    2             @ITOF
0    244   9   11   119  2.1  @MULFF
0    620  24   16             @ADDFF
0     58   2    4             @SFTOI
 Inline         0             @cinit1

Program metrics:
    Functions               2
    Statements              15
    Comments                151
    Volume (V)              750
    Difficulty (D)          7.5
    Effort to implement (E) 5656
    Time to implement (T)   5 minutes
    Est Delivered Bugs (B)  0
    Cyclomatic Complexity   1
    Maintainability (MI)    146

 Segment     Used  Free
-----------  ----  ----
00000-00002     4  0  
00004-07FFE  1292  31472  



