
ROM used:   634/32768 (2%)
            634/32768 (2%) including unused fragments

            0.5 Average locations per line
            6.2 Average locations per statement

RAM used:   5/2048 (0%) at main() level
            17/2048 (1%) worst case

Stack used: 6 worst case (6 in main + 0 for interrupts)
Stack size: 31

Lines Stmts  %   Files
----- ----- ---  -----
   44    18  18  lcd_cargando.c
   12     0   0  lcd_cargando.h
  837     0   0  ..\..\..\..\..\..\Program Files (x86)\PICC\Devices\18F4550.h
  456    84  82  ..\..\..\..\..\..\Program Files (x86)\PICC\Drivers\lcd.c
----- -----
 1349   102 Total

Page ROM  %  RAM   Vol Diff  Functions:
---- --- --- ---   --- ----  ----------
0     38   3    1             @delay_ms1
0     66   5    3   596  5.9  lcd_read_byte
0     12   1    0    59  4.2  lcd_read_nibble
0     34   3    1   179  3.3  lcd_send_nibble
0     58   5    3   460  4.7  lcd_send_byte
0    120   9    6   814  7.2  lcd_init
0     34   3    4   208  6.3  lcd_gotoxy
0     82   6    1   354  4.7  lcd_putc
0    140  11    1   428  4.1  MAIN
0     10   1    0             @const687
0     32   3    2             @PSTRINGC_672
0      2   0    0             @const690
0      2   0    0             @const691
 Inline         0             @cinit1

Program metrics:
    Functions               8
    Statements              102
    Comments                254
    Volume (V)              4700
    Difficulty (D)          38.7
    Effort to implement (E) 181734
    Time to implement (T)   2 hours, 48 minutes
    Est Delivered Bugs (B)  1
    Cyclomatic Complexity   10
    Maintainability (MI)    128

 Segment     Used  Free
-----------  ----  ----
00000-00002     4  0  
00004-07FFE   630  32134  



