CCS PCH C Compiler, Version 5.015, 5967               04-abr-18 17:23

               Filename:   C:\Users\VAIO\Desktop\class_micro\CCS C Projects\LCD_cargando\lcd_cargando.lst

               ROM used:   586 bytes (2%)
                           Largest free fragment is 32182
               RAM used:   5 (0%) at main() level
                           17 (1%) worst case
               Stack used: 6 locations
               Stack size: 31

*
0000:  GOTO   01EC
.................... #include <lcd_cargando.h> 
.................... #include <18F4550.h> 
.................... //////////// Standard Header file for the PIC18F4550 device //////////////// 
.................... /////////////////////////////////////////////////////////////////////////// 
.................... ////        (C) Copyright 1996, 2013 Custom Computer Services          //// 
.................... //// This source code may only be used by licensed users of the CCS C  //// 
.................... //// compiler.  This source code may only be distributed to other      //// 
.................... //// licensed users of the CCS C compiler.  No other use, reproduction //// 
.................... //// or distribution is permitted without written permission.          //// 
.................... //// Derivative programs created using this software in object code    //// 
.................... //// form are not restricted in any way.                               //// 
.................... /////////////////////////////////////////////////////////////////////////// 
.................... #device PIC18F4550 
0004:  DATA 0C,43
0006:  DATA 61,72
0008:  DATA 67,61
000A:  DATA 6E,64
000C:  DATA 6F,00
000E:  DATA 2A,00
*
01CC:  TBLRD*+
01CE:  MOVF   FF5,F
01D0:  BZ    01EA
01D2:  MOVFF  FF6,06
01D6:  MOVFF  FF7,07
01DA:  MOVFF  FF5,08
01DE:  BRA    017A
01E0:  MOVFF  06,FF6
01E4:  MOVFF  07,FF7
01E8:  BRA    01CC
01EA:  RETURN 0
....................  
.................... #list 
....................  
.................... #device ADC=16 
....................  
.................... #FUSES NOWDT                 	//No Watch Dog Timer 
.................... #FUSES WDT128                	//Watch Dog Timer uses 1:128 Postscale 
.................... #FUSES NOBROWNOUT            	//No brownout reset 
.................... #FUSES NOLVP                 	//No low voltage prgming, B3(PIC16) or B5(PIC18) used for I/O 
.................... #FUSES NOXINST               	//Extended set extension and Indexed Addressing mode disabled (Legacy mode) 
....................  
.................... #use delay(crystal=20000000) 
*
0010:  CLRF   FEA
0012:  MOVLW  0B
0014:  MOVWF  FE9
0016:  MOVF   FEF,W
0018:  BZ    0034
001A:  MOVLW  06
001C:  MOVWF  01
001E:  CLRF   00
0020:  DECFSZ 00,F
0022:  BRA    0020
0024:  DECFSZ 01,F
0026:  BRA    001E
0028:  MOVLW  7B
002A:  MOVWF  00
002C:  DECFSZ 00,F
002E:  BRA    002C
0030:  DECFSZ FEF,F
0032:  BRA    001A
0034:  RETURN 0
....................  
....................  
....................  #define LCD_DATA_PORT getenv("SFR:PORTB") 
.................... #include <lcd.c> 
.................... /////////////////////////////////////////////////////////////////////////////// 
.................... ////                             LCD.C                                     //// 
.................... ////                 Driver for common LCD modules                         //// 
.................... ////                                                                       //// 
.................... ////  lcd_init()   Must be called before any other function.               //// 
.................... ////                                                                       //// 
.................... ////  lcd_putc(c)  Will display c on the next position of the LCD.         //// 
.................... ////                 \a  Set cursor position to upper left                 //// 
.................... ////                 \f  Clear display, set cursor to upper left           //// 
.................... ////                 \n  Go to start of second line                        //// 
.................... ////                 \b  Move back one position                            //// 
.................... ////              If LCD_EXTENDED_NEWLINE is defined, the \n character     //// 
.................... ////              will erase all remanining characters on the current      //// 
.................... ////              line, and move the cursor to the beginning of the next   //// 
.................... ////              line.                                                    //// 
.................... ////              If LCD_EXTENDED_NEWLINE is defined, the \r character     //// 
.................... ////              will move the cursor to the start of the current         //// 
.................... ////              line.                                                    //// 
.................... ////                                                                       //// 
.................... ////  lcd_gotoxy(x,y) Set write position on LCD (upper left is 1,1)        //// 
.................... ////                                                                       //// 
.................... ////  lcd_getc(x,y)   Returns character at position x,y on LCD             //// 
.................... ////                                                                       //// 
.................... ////  lcd_cursor_on(int1 on)   Turn the cursor on (on=TRUE) or off         //// 
.................... ////              (on=FALSE).                                              //// 
.................... ////                                                                       //// 
.................... ////  lcd_set_cgram_char(w, *p)   Write a custom character to the CGRAM.   //// 
.................... ////                                                                       //// 
.................... ////                                                                       //// 
.................... ////  CONFIGURATION                                                        //// 
.................... ////  The LCD can be configured in one of two ways: a.) port access or     //// 
.................... ////  b.) pin access.  Port access requires the entire 7 bit interface     //// 
.................... ////  connected to one GPIO port, and the data bits (D4:D7 of the LCD)     //// 
.................... ////  connected to sequential pins on the GPIO.  Pin access                //// 
.................... ////  has no requirements, all 7 bits of the control interface can         //// 
.................... ////  can be connected to any GPIO using several ports.                    //// 
.................... ////                                                                       //// 
.................... ////  To use port access, #define LCD_DATA_PORT to the SFR location of     //// 
.................... ////  of the GPIO port that holds the interface, -AND- edit LCD_PIN_MAP    //// 
.................... ////  of this file to configure the pin order.  If you are using a         //// 
.................... ////  baseline PIC (PCB), then LCD_OUTPUT_MAP and LCD_INPUT_MAP also must  //// 
.................... ////  be defined.                                                          //// 
.................... ////                                                                       //// 
.................... ////  Example of port access:                                              //// 
.................... ////     #define LCD_DATA_PORT getenv("SFR:PORTD")                         //// 
.................... ////                                                                       //// 
.................... ////  To use pin access, the following pins must be defined:               //// 
.................... ////     LCD_ENABLE_PIN                                                    //// 
.................... ////     LCD_RS_PIN                                                        //// 
.................... ////     LCD_RW_PIN                                                        //// 
.................... ////     LCD_DATA4                                                         //// 
.................... ////     LCD_DATA5                                                         //// 
.................... ////     LCD_DATA6                                                         //// 
.................... ////     LCD_DATA7                                                         //// 
.................... ////                                                                       //// 
.................... ////  Example of pin access:                                               //// 
.................... ////     #define LCD_ENABLE_PIN  PIN_E0                                    //// 
.................... ////     #define LCD_RS_PIN      PIN_E1                                    //// 
.................... ////     #define LCD_RW_PIN      PIN_E2                                    //// 
.................... ////     #define LCD_DATA4       PIN_D4                                    //// 
.................... ////     #define LCD_DATA5       PIN_D5                                    //// 
.................... ////     #define LCD_DATA6       PIN_D6                                    //// 
.................... ////     #define LCD_DATA7       PIN_D7                                    //// 
.................... ////                                                                       //// 
.................... /////////////////////////////////////////////////////////////////////////////// 
.................... ////        (C) Copyright 1996,2010 Custom Computer Services           //// 
.................... //// This source code may only be used by licensed users of the CCS C  //// 
.................... //// compiler.  This source code may only be distributed to other      //// 
.................... //// licensed users of the CCS C compiler.  No other use, reproduction //// 
.................... //// or distribution is permitted without written permission.          //// 
.................... //// Derivative programs created using this software in object code    //// 
.................... //// form are not restricted in any way.                               //// 
.................... /////////////////////////////////////////////////////////////////////////// 
....................  
.................... #ifndef __LCD_C__ 
.................... #define __LCD_C__ 
....................  
.................... // define the pinout. 
.................... // only required if port access is being used. 
.................... typedef struct   
.................... {                            // This structure is overlayed 
....................    int1 enable;           // on to an I/O port to gain 
....................    int1 rs;               // access to the LCD pins. 
....................    int1 rw;               // The bits are allocated from 
....................    int1 unused;           // low order up.  ENABLE will 
....................    unsigned int     data : 4;         // be LSB pin of that port. 
....................   #if defined(__PCD__)       // The port used will be LCD_DATA_PORT. 
....................    unsigned int    reserved: 8; 
....................   #endif 
.................... } LCD_PIN_MAP; 
....................  
.................... // this is to improve compatability with previous LCD drivers that accepted 
.................... // a define labeled 'use_portb_lcd' that configured the LCD onto port B. 
.................... #if ((defined(use_portb_lcd)) && (use_portb_lcd==TRUE)) 
....................  #define LCD_DATA_PORT getenv("SFR:PORTB") 
.................... #endif 
....................  
.................... #if defined(__PCB__) 
....................    // these definitions only need to be modified for baseline PICs. 
....................    // all other PICs use LCD_PIN_MAP or individual LCD_xxx pin definitions. 
.................... /*                                    EN, RS,   RW,   UNUSED,  DATA  */ 
....................  const LCD_PIN_MAP LCD_OUTPUT_MAP =  {0,  0,    0,    0,       0}; 
....................  const LCD_PIN_MAP LCD_INPUT_MAP =   {0,  0,    0,    0,       0xF}; 
.................... #endif 
....................  
.................... ////////////////////// END CONFIGURATION /////////////////////////////////// 
....................  
.................... #ifndef LCD_ENABLE_PIN 
....................    #define lcd_output_enable(x) lcdlat.enable=x 
....................    #define lcd_enable_tris()   lcdtris.enable=0 
.................... #else 
....................    #define lcd_output_enable(x) output_bit(LCD_ENABLE_PIN, x) 
....................    #define lcd_enable_tris()  output_drive(LCD_ENABLE_PIN) 
.................... #endif 
....................  
.................... #ifndef LCD_RS_PIN 
....................    #define lcd_output_rs(x) lcdlat.rs=x 
....................    #define lcd_rs_tris()   lcdtris.rs=0 
.................... #else 
....................    #define lcd_output_rs(x) output_bit(LCD_RS_PIN, x) 
....................    #define lcd_rs_tris()  output_drive(LCD_RS_PIN) 
.................... #endif 
....................  
.................... #ifndef LCD_RW_PIN 
....................    #define lcd_output_rw(x) lcdlat.rw=x 
....................    #define lcd_rw_tris()   lcdtris.rw=0 
.................... #else 
....................    #define lcd_output_rw(x) output_bit(LCD_RW_PIN, x) 
....................    #define lcd_rw_tris()  output_drive(LCD_RW_PIN) 
.................... #endif 
....................  
.................... // original version of this library incorrectly labeled LCD_DATA0 as LCD_DATA4, 
.................... // LCD_DATA1 as LCD_DATA5, and so on.  this block of code makes the driver 
.................... // compatible with any code written for the original library 
.................... #if (defined(LCD_DATA0) && defined(LCD_DATA1) && defined(LCD_DATA2) && defined(LCD_DATA3) && !defined(LCD_DATA4) && !defined(LCD_DATA5) && !defined(LCD_DATA6) && !defined(LCD_DATA7)) 
....................    #define  LCD_DATA4    LCD_DATA0 
....................    #define  LCD_DATA5    LCD_DATA1 
....................    #define  LCD_DATA6    LCD_DATA2 
....................    #define  LCD_DATA7    LCD_DATA3 
.................... #endif 
....................  
.................... #ifndef LCD_DATA4 
.................... #ifndef LCD_DATA_PORT 
....................    #if defined(__PCB__) 
....................       #define LCD_DATA_PORT      0x06     //portb 
....................       #define set_tris_lcd(x)   set_tris_b(x) 
....................    #else 
....................      #if defined(PIN_D0) 
....................       #define LCD_DATA_PORT      getenv("SFR:PORTD")     //portd 
....................      #else 
....................       #define LCD_DATA_PORT      getenv("SFR:PORTB")     //portb 
....................      #endif 
....................    #endif    
.................... #endif 
....................  
.................... #if defined(__PCB__) 
....................    LCD_PIN_MAP lcd, lcdlat; 
....................    #byte lcd = LCD_DATA_PORT 
....................    #byte lcdlat = LCD_DATA_PORT 
.................... #elif defined(__PCM__) 
....................    LCD_PIN_MAP lcd, lcdlat, lcdtris; 
....................    #byte lcd = LCD_DATA_PORT 
....................    #byte lcdlat = LCD_DATA_PORT 
....................    #byte lcdtris = LCD_DATA_PORT+0x80 
.................... #elif defined(__PCH__) 
....................    LCD_PIN_MAP lcd, lcdlat, lcdtris; 
....................    #byte lcd = LCD_DATA_PORT 
....................    #byte lcdlat = LCD_DATA_PORT+9 
....................    #byte lcdtris = LCD_DATA_PORT+0x12 
.................... #elif defined(__PCD__) 
....................    LCD_PIN_MAP lcd, lcdlat, lcdtris; 
....................    #word lcd = LCD_DATA_PORT 
....................    #word lcdlat = LCD_DATA_PORT+2 
....................    #word lcdtris = LCD_DATA_PORT-0x02 
.................... #endif 
.................... #endif   //LCD_DATA4 not defined 
....................  
.................... #ifndef LCD_TYPE 
....................    #define LCD_TYPE 2           // 0=5x7, 1=5x10, 2=2 lines 
.................... #endif 
....................  
.................... #ifndef LCD_LINE_TWO 
....................    #define LCD_LINE_TWO 0x40    // LCD RAM address for the second line 
.................... #endif 
....................  
.................... #ifndef LCD_LINE_LENGTH 
....................    #define LCD_LINE_LENGTH 20 
.................... #endif 
....................  
.................... unsigned int8 lcd_read_nibble(void); 
....................  
.................... unsigned int8 lcd_read_byte(void) 
.................... { 
....................    unsigned int8 low,high; 
....................  
....................  #if defined(__PCB__) 
....................    set_tris_lcd(LCD_INPUT_MAP); 
....................  #else 
....................   #if (defined(LCD_DATA4) && defined(LCD_DATA5) && defined(LCD_DATA6) && defined(LCD_DATA7)) 
....................    output_float(LCD_DATA4); 
....................    output_float(LCD_DATA5); 
....................    output_float(LCD_DATA6); 
....................    output_float(LCD_DATA7); 
....................   #else 
....................    lcdtris.data = 0xF; 
*
0064:  MOVLW  0F
0066:  ANDWF  F93,W
0068:  IORLW  F0
006A:  MOVWF  F93
....................   #endif 
....................  #endif 
....................          
....................    lcd_output_rw(1); 
006C:  BSF    F8A.2
....................    delay_cycles(1); 
006E:  NOP   
....................    lcd_output_enable(1); 
0070:  BSF    F8A.0
....................    delay_cycles(1); 
0072:  NOP   
....................    high = lcd_read_nibble(); 
0074:  RCALL  0058
0076:  MOVFF  01,10
....................        
....................    lcd_output_enable(0); 
007A:  BCF    F8A.0
....................    delay_cycles(1); 
007C:  NOP   
....................    lcd_output_enable(1); 
007E:  BSF    F8A.0
....................    delay_us(1); 
0080:  BRA    0082
0082:  BRA    0084
0084:  NOP   
....................    low = lcd_read_nibble(); 
0086:  RCALL  0058
0088:  MOVFF  01,0F
....................        
....................    lcd_output_enable(0); 
008C:  BCF    F8A.0
....................  
....................  #if defined(__PCB__) 
....................    set_tris_lcd(LCD_OUTPUT_MAP); 
....................  #else 
....................   #if (defined(LCD_DATA4) && defined(LCD_DATA5) && defined(LCD_DATA6) && defined(LCD_DATA7)) 
....................    output_drive(LCD_DATA4); 
....................    output_drive(LCD_DATA5); 
....................    output_drive(LCD_DATA6); 
....................    output_drive(LCD_DATA7); 
....................   #else 
....................    lcdtris.data = 0x0; 
008E:  MOVLW  0F
0090:  ANDWF  F93,W
0092:  MOVWF  F93
....................   #endif 
....................  #endif 
....................  
....................    return( (high<<4) | low); 
0094:  SWAPF  10,W
0096:  MOVWF  00
0098:  MOVLW  F0
009A:  ANDWF  00,F
009C:  MOVF   00,W
009E:  IORWF  0F,W
00A0:  MOVWF  01
00A2:  GOTO   00B0 (RETURN)
.................... } 
....................  
.................... unsigned int8 lcd_read_nibble(void) 
.................... { 
....................   #if (defined(LCD_DATA4) && defined(LCD_DATA5) && defined(LCD_DATA6) && defined(LCD_DATA7)) 
....................    unsigned int8 n = 0x00; 
....................  
....................    /* Read the data port */ 
....................    n |= input(LCD_DATA4); 
....................    n |= input(LCD_DATA5) << 1; 
....................    n |= input(LCD_DATA6) << 2; 
....................    n |= input(LCD_DATA7) << 3; 
....................     
....................    return(n); 
....................   #else 
....................    return(lcd.data); 
*
0058:  MOVF   F81,W
005A:  MOVWF  00
005C:  SWAPF  00,W
005E:  ANDLW  0F
0060:  MOVWF  01
....................   #endif 
0062:  RETURN 0
.................... } 
....................  
.................... void lcd_send_nibble(unsigned int8 n) 
.................... { 
....................   #if (defined(LCD_DATA4) && defined(LCD_DATA5) && defined(LCD_DATA6) && defined(LCD_DATA7)) 
....................    /* Write to the data port */ 
....................    output_bit(LCD_DATA4, bit_test(n, 0)); 
....................    output_bit(LCD_DATA5, bit_test(n, 1)); 
....................    output_bit(LCD_DATA6, bit_test(n, 2)); 
....................    output_bit(LCD_DATA7, bit_test(n, 3)); 
....................   #else       
....................    lcdlat.data = n; 
*
0036:  SWAPF  10,W
0038:  ANDLW  F0
003A:  MOVWF  00
003C:  MOVLW  0F
003E:  ANDWF  F8A,W
0040:  IORWF  00,W
0042:  MOVWF  F8A
....................   #endif 
....................        
....................    delay_cycles(1); 
0044:  NOP   
....................    lcd_output_enable(1); 
0046:  BSF    F8A.0
....................    delay_us(2); 
0048:  MOVLW  02
004A:  MOVWF  00
004C:  DECFSZ 00,F
004E:  BRA    004C
0050:  BRA    0052
0052:  NOP   
....................    lcd_output_enable(0); 
0054:  BCF    F8A.0
0056:  RETURN 0
.................... } 
....................  
.................... void lcd_send_byte(unsigned int8 address, unsigned int8 n) 
.................... { 
....................   #if defined(__PCB__) 
....................    set_tris_lcd(LCD_OUTPUT_MAP); 
....................   #else 
....................    lcd_enable_tris(); 
*
00A6:  BCF    F93.0
....................    lcd_rs_tris(); 
00A8:  BCF    F93.1
....................    lcd_rw_tris(); 
00AA:  BCF    F93.2
....................   #endif 
....................  
....................    lcd_output_rs(0); 
00AC:  BCF    F8A.1
....................    while ( bit_test(lcd_read_byte(),7) ) ; 
00AE:  BRA    0064
00B0:  MOVFF  01,0F
00B4:  BTFSC  01.7
00B6:  BRA    00AE
....................    lcd_output_rs(address); 
00B8:  BCF    F8A.1
00BA:  BTFSC  0D.0
00BC:  BSF    F8A.1
....................    delay_cycles(1); 
00BE:  NOP   
....................    lcd_output_rw(0); 
00C0:  BCF    F8A.2
....................    delay_cycles(1); 
00C2:  NOP   
....................    lcd_output_enable(0); 
00C4:  BCF    F8A.0
....................    lcd_send_nibble(n >> 4); 
00C6:  SWAPF  0E,W
00C8:  MOVWF  0F
00CA:  MOVLW  0F
00CC:  ANDWF  0F,F
00CE:  MOVFF  0F,10
00D2:  RCALL  0036
....................    lcd_send_nibble(n & 0xf); 
00D4:  MOVF   0E,W
00D6:  ANDLW  0F
00D8:  MOVWF  0F
00DA:  MOVWF  10
00DC:  RCALL  0036
00DE:  RETURN 0
.................... } 
....................  
.................... #if defined(LCD_EXTENDED_NEWLINE) 
.................... unsigned int8 g_LcdX, g_LcdY; 
.................... #endif 
....................  
.................... void lcd_init(void)  
.................... { 
....................    unsigned int8 i; 
....................    unsigned int8 LCD_INIT_STRING[4] = {0x20 | (LCD_TYPE << 2), 0xc, 1, 6}; 
00E0:  MOVLW  28
00E2:  MOVWF  07
00E4:  MOVLW  0C
00E6:  MOVWF  08
00E8:  MOVLW  01
00EA:  MOVWF  09
00EC:  MOVLW  06
00EE:  MOVWF  0A
....................                              // These bytes need to be sent to the LCD 
....................                              // to start it up. 
....................     
....................  
....................    lcd_output_enable(0); 
00F0:  BCF    F8A.0
....................    lcd_output_rs(0); 
00F2:  BCF    F8A.1
....................    lcd_output_rw(0); 
00F4:  BCF    F8A.2
....................  
....................  #if defined(__PCB__) 
....................    set_tris_lcd(LCD_OUTPUT_MAP); 
....................  #else 
....................   #if (defined(LCD_DATA4) && defined(LCD_DATA5) && defined(LCD_DATA6) && defined(LCD_DATA7)) 
....................    output_drive(LCD_DATA4); 
....................    output_drive(LCD_DATA5); 
....................    output_drive(LCD_DATA6); 
....................    output_drive(LCD_DATA7); 
....................   #else 
....................    lcdtris.data = 0x0; 
00F6:  MOVLW  0F
00F8:  ANDWF  F93,W
00FA:  MOVWF  F93
....................   #endif 
....................    lcd_enable_tris(); 
00FC:  BCF    F93.0
....................    lcd_rs_tris(); 
00FE:  BCF    F93.1
....................    lcd_rw_tris(); 
0100:  BCF    F93.2
....................  #endif 
....................      
....................    delay_ms(15); 
0102:  MOVLW  0F
0104:  MOVWF  0B
0106:  RCALL  0010
....................    for(i=1;i<=3;++i) 
0108:  MOVLW  01
010A:  MOVWF  06
010C:  MOVF   06,W
010E:  SUBLW  03
0110:  BNC   0122
....................    { 
....................        lcd_send_nibble(3); 
0112:  MOVLW  03
0114:  MOVWF  10
0116:  RCALL  0036
....................        delay_ms(5); 
0118:  MOVLW  05
011A:  MOVWF  0B
011C:  RCALL  0010
011E:  INCF   06,F
0120:  BRA    010C
....................    } 
....................     
....................    lcd_send_nibble(2); 
0122:  MOVLW  02
0124:  MOVWF  10
0126:  RCALL  0036
....................    delay_ms(5); 
0128:  MOVLW  05
012A:  MOVWF  0B
012C:  RCALL  0010
....................    for(i=0;i<=3;++i) 
012E:  CLRF   06
0130:  MOVF   06,W
0132:  SUBLW  03
0134:  BNC   0154
....................       lcd_send_byte(0,LCD_INIT_STRING[i]); 
0136:  CLRF   03
0138:  MOVF   06,W
013A:  ADDLW  07
013C:  MOVWF  FE9
013E:  MOVLW  00
0140:  ADDWFC 03,W
0142:  MOVWF  FEA
0144:  MOVFF  FEF,0B
0148:  CLRF   0D
014A:  MOVFF  0B,0E
014E:  RCALL  00A6
....................  
....................   #if defined(LCD_EXTENDED_NEWLINE) 
0150:  INCF   06,F
0152:  BRA    0130
0154:  GOTO   01FE (RETURN)
....................    g_LcdX = 0; 
....................    g_LcdY = 0; 
....................   #endif 
.................... } 
....................  
.................... void lcd_gotoxy(unsigned int8 x, unsigned int8 y) 
.................... { 
....................    unsigned int8 address; 
....................     
....................    if(y!=1) 
0158:  DECFSZ 0A,W
015A:  BRA    015E
015C:  BRA    0164
....................       address=LCD_LINE_TWO; 
015E:  MOVLW  40
0160:  MOVWF  0B
0162:  BRA    0166
....................    else 
....................       address=0; 
0164:  CLRF   0B
....................       
....................    address+=x-1; 
0166:  MOVLW  01
0168:  SUBWF  09,W
016A:  ADDWF  0B,F
....................    lcd_send_byte(0,0x80|address); 
016C:  MOVF   0B,W
016E:  IORLW  80
0170:  MOVWF  0C
0172:  CLRF   0D
0174:  MOVWF  0E
0176:  RCALL  00A6
....................  
....................   #if defined(LCD_EXTENDED_NEWLINE) 
0178:  RETURN 0
....................    g_LcdX = x - 1; 
....................    g_LcdY = y - 1; 
....................   #endif 
.................... } 
....................  
.................... void lcd_putc(char c) 
.................... { 
....................    switch (c) 
017A:  MOVF   08,W
017C:  XORLW  07
017E:  BZ    018E
0180:  XORLW  0B
0182:  BZ    0198
0184:  XORLW  06
0186:  BZ    01A8
0188:  XORLW  02
018A:  BZ    01B4
018C:  BRA    01BE
....................    { 
....................       case '\a'   :  lcd_gotoxy(1,1);     break; 
018E:  MOVLW  01
0190:  MOVWF  09
0192:  MOVWF  0A
0194:  RCALL  0158
0196:  BRA    01C8
....................  
....................       case '\f'   :  lcd_send_byte(0,1); 
0198:  CLRF   0D
019A:  MOVLW  01
019C:  MOVWF  0E
019E:  RCALL  00A6
....................                      delay_ms(2); 
01A0:  MOVLW  02
01A2:  MOVWF  0B
01A4:  RCALL  0010
....................                     #if defined(LCD_EXTENDED_NEWLINE) 
....................                      g_LcdX = 0; 
....................                      g_LcdY = 0; 
....................                     #endif 
....................                      break; 
01A6:  BRA    01C8
....................  
....................      #if defined(LCD_EXTENDED_NEWLINE) 
....................       case '\r'   :  lcd_gotoxy(1, g_LcdY+1);   break; 
....................       case '\n'   : 
....................          while (g_LcdX++ < LCD_LINE_LENGTH) 
....................          { 
....................             lcd_send_byte(1, ' '); 
....................          } 
....................          lcd_gotoxy(1, g_LcdY+2); 
....................          break; 
....................      #else 
....................       case '\n'   : lcd_gotoxy(1,2);        break; 
01A8:  MOVLW  01
01AA:  MOVWF  09
01AC:  MOVLW  02
01AE:  MOVWF  0A
01B0:  RCALL  0158
01B2:  BRA    01C8
....................      #endif 
....................       
....................       case '\b'   : lcd_send_byte(0,0x10);  break; 
01B4:  CLRF   0D
01B6:  MOVLW  10
01B8:  MOVWF  0E
01BA:  RCALL  00A6
01BC:  BRA    01C8
....................       
....................      #if defined(LCD_EXTENDED_NEWLINE) 
....................       default     :  
....................          if (g_LcdX < LCD_LINE_LENGTH) 
....................          { 
....................             lcd_send_byte(1, c); 
....................             g_LcdX++; 
....................          } 
....................          break; 
....................      #else 
....................       default     : lcd_send_byte(1,c);     break; 
01BE:  MOVLW  01
01C0:  MOVWF  0D
01C2:  MOVFF  08,0E
01C6:  RCALL  00A6
....................      #endif 
....................    } 
01C8:  GOTO   01E0 (RETURN)
.................... } 
....................   
.................... char lcd_getc(unsigned int8 x, unsigned int8 y) 
.................... { 
....................    char value; 
....................  
....................    lcd_gotoxy(x,y); 
....................    while ( bit_test(lcd_read_byte(),7) ); // wait until busy flag is low 
....................    lcd_output_rs(1); 
....................    value = lcd_read_byte(); 
....................    lcd_output_rs(0); 
....................     
....................    return(value); 
.................... } 
....................  
.................... // write a custom character to the ram 
.................... // which is 0-7 and specifies which character array we are modifying. 
.................... // ptr points to an array of 8 bytes, where each byte is the next row of 
.................... //    pixels.  only bits 0-4 are used.  the last row is the cursor row, and 
.................... //    usually you will want to leave this byte 0x00. 
.................... void lcd_set_cgram_char(unsigned int8 which, unsigned int8 *ptr) 
.................... { 
....................    unsigned int i; 
....................  
....................    which <<= 3; 
....................    which &= 0x38; 
....................  
....................    lcd_send_byte(0, 0x40 | which);  //set cgram address 
....................  
....................    for(i=0; i<8; i++) 
....................    { 
....................       lcd_send_byte(1, *ptr++); 
....................    } 
....................    
....................    #if defined(LCD_EXTENDED_NEWLINE) 
....................     lcd_gotoxy(g_LcdX+1, g_LcdY+1);  //set ddram address 
....................    #endif 
.................... } 
....................  
.................... void lcd_cursor_on(int1 on) 
.................... { 
....................    if (on) 
....................    { 
....................       lcd_send_byte(0,0x0F);           //turn LCD cursor ON 
....................    } 
....................    else 
....................    { 
....................       lcd_send_byte(0,0x0C);           //turn LCD cursor OFF 
....................    } 
.................... } 
....................  
.................... #endif 
....................  
....................  
.................... #define LCD_ENABLE_PIN  PIN_B0                                    //// 
.................... #define LCD_RS_PIN      PIN_B1                                    //// 
.................... #define LCD_RW_PIN      PIN_B2                                    //// 
.................... #define LCD_DATA4       PIN_B4                                    //// 
.................... #define LCD_DATA5       PIN_B5                                    //// 
.................... #define LCD_DATA6       PIN_B6                                    //// 
.................... #define LCD_DATA7       PIN_B7   
....................  
.................... void main() 
*
01EC:  CLRF   FF8
01EE:  BCF    FD0.7
01F0:  MOVF   FC1,W
01F2:  ANDLW  C0
01F4:  IORLW  0F
01F6:  MOVWF  FC1
01F8:  MOVLW  07
01FA:  MOVWF  FB4
.................... { 
....................  
....................    lcd_init(); 
01FC:  BRA    00E0
....................    delay_ms(10);    
01FE:  MOVLW  0A
0200:  MOVWF  0B
0202:  RCALL  0010
....................     
....................    int8 i=1; 
0204:  MOVLW  01
0206:  MOVWF  05
....................     
....................    while(TRUE) 
....................    { 
....................       lcd_putc("\fCargando"); //Limpio toda la lcd y se vizualiza "cargando" en posicion (1,1) 
0208:  MOVLW  04
020A:  MOVWF  FF6
020C:  MOVLW  00
020E:  MOVWF  FF7
0210:  RCALL  01CC
....................       delay_ms(10); 
0212:  MOVLW  0A
0214:  MOVWF  0B
0216:  RCALL  0010
....................     
....................       for(; i <= 16; i++){ 
0218:  MOVF   05,W
021A:  SUBLW  10
021C:  BNC   0244
....................          lcd_gotoxy(i,2); 
021E:  MOVFF  05,09
0222:  MOVLW  02
0224:  MOVWF  0A
0226:  RCALL  0158
....................          lcd_putc("*"); 
0228:  MOVLW  0E
022A:  MOVWF  FF6
022C:  MOVLW  00
022E:  MOVWF  FF7
0230:  RCALL  01CC
....................          delay_ms(500); 
0232:  MOVLW  02
0234:  MOVWF  06
0236:  MOVLW  FA
0238:  MOVWF  0B
023A:  RCALL  0010
023C:  DECFSZ 06,F
023E:  BRA    0236
0240:  INCF   05,F
0242:  BRA    0218
....................       } 
....................       
....................       i = 0; //reset     
0244:  CLRF   05
0246:  BRA    0208
....................    } 
....................  
.................... } 
0248:  SLEEP 

Configuration Fuses:
   Word  1: CC04   PLL5 CPUDIV1 NOUSBDIV HS FCMEN IESO
   Word  2: 0E38   PUT NOBROWNOUT BORV21 VREGEN NOWDT WDT128
   Word  3: 8700   CCP2C1 PBADEN LPT1OSC MCLR
   Word  4: 00A1   STVREN NOLVP ICSP2 NOXINST NODEBUG
   Word  5: C00F   NOPROTECT NOCPB NOCPD
   Word  6: E00F   NOWRT NOWRTC NOWRTB NOWRTD
   Word  7: 400F   NOEBTR NOEBTRB
